*** Using Compiler 'V6.21', folder: 'C:\Keil_v5\ARM\ARMCLANG\Bin'
Rebuild target 'Target 1'
assembling startup_stm32f40_41xxx.s...
compiling stm32f4xx_rcc.c...
compiling bsp_rccclkconfig.c...
compiling stm32f4xx_syscfg.c...
compiling stm32f4xx_gpio.c...
compiling main.c...
compiling stm32f4xx_it.c...
compiling misc.c...
compiling stm32f4xx_adc.c...
compiling stm32f4xx_cec.c...
compiling stm32f4xx_can.c...
compiling stm32f4xx_crc.c...
compiling stm32f4xx_cryp_des.c...
compiling stm32f4xx_cryp.c...
compiling stm32f4xx_cryp_aes.c...
compiling stm32f4xx_cryp_tdes.c...
compiling stm32f4xx_dac.c...
compiling stm32f4xx_dbgmcu.c...
compiling stm32f4xx_dcmi.c...
compiling stm32f4xx_dma.c...
compiling stm32f4xx_exti.c...
compiling stm32f4xx_dma2d.c...
compiling stm32f4xx_flash_ramfunc.c...
compiling stm32f4xx_flash.c...
compiling stm32f4xx_hash_sha1.c...
compiling stm32f4xx_hash.c...
compiling stm32f4xx_hash_md5.c...
compiling stm32f4xx_iwdg.c...
compiling stm32f4xx_i2c.c...
compiling stm32f4xx_pwr.c...
compiling stm32f4xx_ltdc.c...
compiling stm32f4xx_qspi.c...
compiling stm32f4xx_rng.c...
compiling stm32f4xx_spdifrx.c...
compiling stm32f4xx_sai.c...
compiling stm32f4xx_spi.c...
compiling stm32f4xx_sdio.c...
compiling stm32f4xx_rtc.c...
compiling stm32f4xx_wwdg.c...
compiling stm32f4xx_usart.c...
Libraries/CMSIS/system_stm32f4xx.c(747): warning: while loop has empty body [-Wempty-body]
  747 |     while ((RCC->CFGR & (uint32_t)RCC_CFGR_SWS ) != RCC_CFGR_SWS_PLL);
      |                                                                      ^
Libraries/CMSIS/system_stm32f4xx.c(747): note: put the semicolon on a separate line to silence this warning
1 warning generated.
compiling system_stm32f4xx.c...
compiling SysTick.c...
compiling stm32f4xx_tim.c...
compiling bsp_usart.c...
compiling system.c...
compiling led.c...
compiling usart3.c...
compiling usart6.c...
compiling RobotStatus.c...
compiling pid_debug.c...
compiling Mpid.c...
compiling control.c...
compiling show.c...
compiling scan.c...
compiling odom.c...
compiling iwdg.c...
compiling Astar.c...
compiling dma.c...
compiling matrix_mul.c...
compiling state_machines.c...
compiling meanfilter.c...
compiling DList.c...
compiling oled.c...
compiling DIR.c...
compiling encoder.c...
compiling PWM.c...
compiling pstwo.c...
compiling key.c...
compiling exti.c...
compiling HW.c...
compiling ultrasonic.c...
compiling HD.c...
compiling MPU.c...
compiling retarget_io.c...
compiling malloc.c...
linking...
Program Size: Code=79338 RO-data=24034 RW-data=1544 ZI-data=94032  
FromELF: creating hex file...
".\Obj\Target 1\Template.axf" - 0 Error(s), 1 Warning(s).
Build Time Elapsed:  00:00:04
